<?xml version="1.0" encoding="UTF-8"?>
<testsuite xmlns:xsi="http://www.w3.org/2001/XMLSchema-instance" xsi:noNamespaceSchemaLocation="https://maven.apache.org/surefire/maven-surefire-plugin/xsd/surefire-test-report-3.0.xsd" version="3.0" name="lagerTests.Test_Lager_Metoder" time="0.067" tests="13" errors="0" skipped="0" failures="0">
  <properties>
[...]
</properties>
  <testcase name="findPlads_PladsFindesIkke_CastException" classname="lagerTests.Test_Lager_Metoder" time="0.019"/>
  <testcase name="findPlads_OverGraense_CastException" classname="lagerTests.Test_Lager_Metoder" time="0.001"/>
  <testcase name="findPlads_HyldeFindesIkke_CastException" classname="lagerTests.Test_Lager_Metoder" time="0.001"/>
  <testcase name="findPlads_ReolFindesIkke_CastException" classname="lagerTests.Test_Lager_Metoder" time="0.001"/>
  <testcase name="fjernObjekt_ObjektFindes_ObjektFjernes" classname="lagerTests.Test_Lager_Metoder" time="0.001"/>
  <testcase name="placerObjekt_GyldigPlads_objektPlaceres" classname="lagerTests.Test_Lager_Metoder" time="0.002"/>
  <testcase name="placerObjekt_UgyldigPlads_PladsOptaget" classname="lagerTests.Test_Lager_Metoder" time="0.001"/>
  <testcase name="placerObjekt_PlaceringFindesIkke_CastException" classname="lagerTests.Test_Lager_Metoder" time="0.002"/>
  <testcase name="findPlacering_ObjektetFindesIkke_PlaceringIkkeFundet" classname="lagerTests.Test_Lager_Metoder" time="0.0"/>
  <testcase name="fjernObjekt_ObjektFindesIkke_CastException" classname="lagerTests.Test_Lager_Metoder" time="0.001"/>
  <testcase name="findPlads_UnderGraense_CastException" classname="lagerTests.Test_Lager_Metoder" time="0.001"/>
  <testcase name="findPlads_gyldigplads_returnererPlads" classname="lagerTests.Test_Lager_Metoder" time="0.001"/>
  <testcase name="findPlacering_ObjektFindes_Placeringprintes" classname="lagerTests.Test_Lager_Metoder" time="0.008"/>
</testsuite>